2025-04-12T16:18:27.416+05:30  INFO 43527 --- [sales-analysis-system] [main] c.s.s.SalesAnalysisSystemApplication     : Starting SalesAnalysisSystemApplication using Java 17.0.10 with PID 43527 (/Users/syedomerasfaqalikhan/Documents/task/sales-analysis-system/target/classes started by syedomerasfaqalikhan in /Users/syedomerasfaqalikhan/Documents/task/sales-analysis-system)
2025-04-12T16:18:27.417+05:30  INFO 43527 --- [sales-analysis-system] [main] c.s.s.SalesAnalysisSystemApplication     : No active profile set, falling back to 1 default profile: "default"
2025-04-12T16:18:27.865+05:30  INFO 43527 --- [sales-analysis-system] [main] .s.d.r.c.RepositoryConfigurationDelegate : Bootstrapping Spring Data JPA repositories in DEFAULT mode.
2025-04-12T16:18:27.913+05:30  INFO 43527 --- [sales-analysis-system] [main] .s.d.r.c.RepositoryConfigurationDelegate : Finished Spring Data repository scanning in 41 ms. Found 6 JPA repository interfaces.
2025-04-12T16:18:28.213+05:30  INFO 43527 --- [sales-analysis-system] [main] o.s.b.w.embedded.tomcat.TomcatWebServer  : Tomcat initialized with port 8080 (http)
2025-04-12T16:18:28.221+05:30  INFO 43527 --- [sales-analysis-system] [main] o.apache.catalina.core.StandardService   : Starting service [Tomcat]
2025-04-12T16:18:28.221+05:30  INFO 43527 --- [sales-analysis-system] [main] o.apache.catalina.core.StandardEngine    : Starting Servlet engine: [Apache Tomcat/10.1.39]
2025-04-12T16:18:28.254+05:30  INFO 43527 --- [sales-analysis-system] [main] o.a.c.c.C.[Tomcat].[localhost].[/]       : Initializing Spring embedded WebApplicationContext
2025-04-12T16:18:28.255+05:30  INFO 43527 --- [sales-analysis-system] [main] w.s.c.ServletWebServerApplicationContext : Root WebApplicationContext: initialization completed in 797 ms
2025-04-12T16:18:28.314+05:30  INFO 43527 --- [sales-analysis-system] [main] com.zaxxer.hikari.HikariDataSource       : HikariPool-1 - Starting...
2025-04-12T16:18:28.378+05:30  INFO 43527 --- [sales-analysis-system] [main] com.zaxxer.hikari.pool.HikariPool        : HikariPool-1 - Added connection org.postgresql.jdbc.PgConnection@7ddd84b5
2025-04-12T16:18:28.379+05:30  INFO 43527 --- [sales-analysis-system] [main] com.zaxxer.hikari.HikariDataSource       : HikariPool-1 - Start completed.
2025-04-12T16:18:28.441+05:30  INFO 43527 --- [sales-analysis-system] [main] o.hibernate.jpa.internal.util.LogHelper  : HHH000204: Processing PersistenceUnitInfo [name: default]
2025-04-12T16:18:28.477+05:30  INFO 43527 --- [sales-analysis-system] [main] org.hibernate.Version                    : HHH000412: Hibernate ORM core version 6.6.11.Final
2025-04-12T16:18:28.499+05:30  INFO 43527 --- [sales-analysis-system] [main] o.h.c.internal.RegionFactoryInitiator    : HHH000026: Second-level cache disabled
2025-04-12T16:18:28.656+05:30  INFO 43527 --- [sales-analysis-system] [main] o.s.o.j.p.SpringPersistenceUnitInfo      : No LoadTimeWeaver setup: ignoring JPA class transformer
2025-04-12T16:18:28.710+05:30  INFO 43527 --- [sales-analysis-system] [main] org.hibernate.orm.connections.pooling    : HHH10001005: Database info:
	Database JDBC URL [Connecting through datasource 'HikariDataSource (HikariPool-1)']
	Database driver: undefined/unknown
	Database version: 15.2
	Autocommit mode: undefined/unknown
	Isolation level: undefined/unknown
	Minimum pool size: undefined/unknown
	Maximum pool size: undefined/unknown
2025-04-12T16:18:29.244+05:30  INFO 43527 --- [sales-analysis-system] [main] o.h.e.t.j.p.i.JtaPlatformInitiator       : HHH000489: No JTA platform available (set 'hibernate.transaction.jta.platform' to enable JTA platform integration)
2025-04-12T16:18:29.466+05:30  INFO 43527 --- [sales-analysis-system] [main] j.LocalContainerEntityManagerFactoryBean : Initialized JPA EntityManagerFactory for persistence unit 'default'
2025-04-12T16:18:29.657+05:30  INFO 43527 --- [sales-analysis-system] [main] o.s.d.j.r.query.QueryEnhancerFactory     : Hibernate is in classpath; If applicable, HQL parser will be used.
2025-04-12T16:18:30.868+05:30  WARN 43527 --- [sales-analysis-system] [main] JpaBaseConfiguration$JpaWebConfiguration : spring.jpa.open-in-view is enabled by default. Therefore, database queries may be performed during view rendering. Explicitly configure spring.jpa.open-in-view to disable this warning
2025-04-12T16:18:31.009+05:30  WARN 43527 --- [sales-analysis-system] [main] ion$DefaultTemplateResolverConfiguration : Cannot find template location: classpath:/templates/ (please add some templates, check your Thymeleaf configuration, or set spring.thymeleaf.check-template-location=false)
2025-04-12T16:18:31.083+05:30  INFO 43527 --- [sales-analysis-system] [main] o.s.b.w.embedded.tomcat.TomcatWebServer  : Tomcat started on port 8080 (http) with context path '/'
2025-04-12T16:18:31.092+05:30  INFO 43527 --- [sales-analysis-system] [main] c.s.s.SalesAnalysisSystemApplication     : Started SalesAnalysisSystemApplication in 4.0 seconds (process running for 4.257)
2025-04-12T16:18:34.582+05:30  INFO 43527 --- [sales-analysis-system] [http-nio-8080-exec-2] o.a.c.c.C.[Tomcat].[localhost].[/]       : Initializing Spring DispatcherServlet 'dispatcherServlet'
2025-04-12T16:18:34.582+05:30  INFO 43527 --- [sales-analysis-system] [http-nio-8080-exec-2] o.s.web.servlet.DispatcherServlet        : Initializing Servlet 'dispatcherServlet'
2025-04-12T16:18:34.583+05:30  INFO 43527 --- [sales-analysis-system] [http-nio-8080-exec-2] o.s.web.servlet.DispatcherServlet        : Completed initialization in 1 ms
2025-04-12T16:18:34.605+05:30 ERROR 43527 --- [sales-analysis-system] [http-nio-8080-exec-2] o.a.c.c.C.[.[.[/].[dispatcherServlet]    : Servlet.service() for servlet [dispatcherServlet] in context with path [] threw exception [Request processing failed: org.springframework.web.multipart.MultipartException: Current request is not a multipart request] with root cause

org.springframework.web.multipart.MultipartException: Current request is not a multipart request
	at org.springframework.web.method.annotation.RequestParamMethodArgumentResolver.handleMissingValueInternal(RequestParamMethodArgumentResolver.java:213) ~[spring-web-6.2.5.jar:6.2.5]
	at org.springframework.web.method.annotation.RequestParamMethodArgumentResolver.handleMissingValue(RequestParamMethodArgumentResolver.java:196) ~[spring-web-6.2.5.jar:6.2.5]
	at org.springframework.web.method.annotation.AbstractNamedValueMethodArgumentResolver.resolveArgument(AbstractNamedValueMethodArgumentResolver.java:125) ~[spring-web-6.2.5.jar:6.2.5]
	at org.springframework.web.method.support.HandlerMethodArgumentResolverComposite.resolveArgument(HandlerMethodArgumentResolverComposite.java:122) ~[spring-web-6.2.5.jar:6.2.5]
	at org.springframework.web.method.support.InvocableHandlerMethod.getMethodArgumentValues(InvocableHandlerMethod.java:227) ~[spring-web-6.2.5.jar:6.2.5]
	at org.springframework.web.method.support.InvocableHandlerMethod.invokeForRequest(InvocableHandlerMethod.java:181) ~[spring-web-6.2.5.jar:6.2.5]
	at org.springframework.web.servlet.mvc.method.annotation.ServletInvocableHandlerMethod.invokeAndHandle(ServletInvocableHandlerMethod.java:118) ~[spring-webmvc-6.2.5.jar:6.2.5]
	at org.springframework.web.servlet.mvc.method.annotation.RequestMappingHandlerAdapter.invokeHandlerMethod(RequestMappingHandlerAdapter.java:986) ~[spring-webmvc-6.2.5.jar:6.2.5]
	at org.springframework.web.servlet.mvc.method.annotation.RequestMappingHandlerAdapter.handleInternal(RequestMappingHandlerAdapter.java:891) ~[spring-webmvc-6.2.5.jar:6.2.5]
	at org.springframework.web.servlet.mvc.method.AbstractHandlerMethodAdapter.handle(AbstractHandlerMethodAdapter.java:87) ~[spring-webmvc-6.2.5.jar:6.2.5]
	at org.springframework.web.servlet.DispatcherServlet.doDispatch(DispatcherServlet.java:1089) ~[spring-webmvc-6.2.5.jar:6.2.5]
	at org.springframework.web.servlet.DispatcherServlet.doService(DispatcherServlet.java:979) ~[spring-webmvc-6.2.5.jar:6.2.5]
	at org.springframework.web.servlet.FrameworkServlet.processRequest(FrameworkServlet.java:1014) ~[spring-webmvc-6.2.5.jar:6.2.5]
	at org.springframework.web.servlet.FrameworkServlet.doPost(FrameworkServlet.java:914) ~[spring-webmvc-6.2.5.jar:6.2.5]
	at jakarta.servlet.http.HttpServlet.service(HttpServlet.java:590) ~[tomcat-embed-core-10.1.39.jar:6.0]
	at org.springframework.web.servlet.FrameworkServlet.service(FrameworkServlet.java:885) ~[spring-webmvc-6.2.5.jar:6.2.5]
	at jakarta.servlet.http.HttpServlet.service(HttpServlet.java:658) ~[tomcat-embed-core-10.1.39.jar:6.0]
	at org.apache.catalina.core.ApplicationFilterChain.internalDoFilter(ApplicationFilterChain.java:195) ~[tomcat-embed-core-10.1.39.jar:10.1.39]
	at org.apache.catalina.core.ApplicationFilterChain.doFilter(ApplicationFilterChain.java:140) ~[tomcat-embed-core-10.1.39.jar:10.1.39]
	at org.apache.tomcat.websocket.server.WsFilter.doFilter(WsFilter.java:51) ~[tomcat-embed-websocket-10.1.39.jar:10.1.39]
	at org.apache.catalina.core.ApplicationFilterChain.internalDoFilter(ApplicationFilterChain.java:164) ~[tomcat-embed-core-10.1.39.jar:10.1.39]
	at org.apache.catalina.core.ApplicationFilterChain.doFilter(ApplicationFilterChain.java:140) ~[tomcat-embed-core-10.1.39.jar:10.1.39]
	at org.springframework.web.filter.RequestContextFilter.doFilterInternal(RequestContextFilter.java:100) ~[spring-web-6.2.5.jar:6.2.5]
	at org.springframework.web.filter.OncePerRequestFilter.doFilter(OncePerRequestFilter.java:116) ~[spring-web-6.2.5.jar:6.2.5]
	at org.apache.catalina.core.ApplicationFilterChain.internalDoFilter(ApplicationFilterChain.java:164) ~[tomcat-embed-core-10.1.39.jar:10.1.39]
	at org.apache.catalina.core.ApplicationFilterChain.doFilter(ApplicationFilterChain.java:140) ~[tomcat-embed-core-10.1.39.jar:10.1.39]
	at org.springframework.web.filter.FormContentFilter.doFilterInternal(FormContentFilter.java:93) ~[spring-web-6.2.5.jar:6.2.5]
	at org.springframework.web.filter.OncePerRequestFilter.doFilter(OncePerRequestFilter.java:116) ~[spring-web-6.2.5.jar:6.2.5]
	at org.apache.catalina.core.ApplicationFilterChain.internalDoFilter(ApplicationFilterChain.java:164) ~[tomcat-embed-core-10.1.39.jar:10.1.39]
	at org.apache.catalina.core.ApplicationFilterChain.doFilter(ApplicationFilterChain.java:140) ~[tomcat-embed-core-10.1.39.jar:10.1.39]
	at org.springframework.web.filter.CharacterEncodingFilter.doFilterInternal(CharacterEncodingFilter.java:201) ~[spring-web-6.2.5.jar:6.2.5]
	at org.springframework.web.filter.OncePerRequestFilter.doFilter(OncePerRequestFilter.java:116) ~[spring-web-6.2.5.jar:6.2.5]
	at org.apache.catalina.core.ApplicationFilterChain.internalDoFilter(ApplicationFilterChain.java:164) ~[tomcat-embed-core-10.1.39.jar:10.1.39]
	at org.apache.catalina.core.ApplicationFilterChain.doFilter(ApplicationFilterChain.java:140) ~[tomcat-embed-core-10.1.39.jar:10.1.39]
	at org.apache.catalina.core.StandardWrapperValve.invoke(StandardWrapperValve.java:167) ~[tomcat-embed-core-10.1.39.jar:10.1.39]
	at org.apache.catalina.core.StandardContextValve.invoke(StandardContextValve.java:90) ~[tomcat-embed-core-10.1.39.jar:10.1.39]
	at org.apache.catalina.authenticator.AuthenticatorBase.invoke(AuthenticatorBase.java:483) ~[tomcat-embed-core-10.1.39.jar:10.1.39]
	at org.apache.catalina.core.StandardHostValve.invoke(StandardHostValve.java:115) ~[tomcat-embed-core-10.1.39.jar:10.1.39]
	at org.apache.catalina.valves.ErrorReportValve.invoke(ErrorReportValve.java:93) ~[tomcat-embed-core-10.1.39.jar:10.1.39]
	at org.apache.catalina.core.StandardEngineValve.invoke(StandardEngineValve.java:74) ~[tomcat-embed-core-10.1.39.jar:10.1.39]
	at org.apache.catalina.connector.CoyoteAdapter.service(CoyoteAdapter.java:344) ~[tomcat-embed-core-10.1.39.jar:10.1.39]
	at org.apache.coyote.http11.Http11Processor.service(Http11Processor.java:397) ~[tomcat-embed-core-10.1.39.jar:10.1.39]
	at org.apache.coyote.AbstractProcessorLight.process(AbstractProcessorLight.java:63) ~[tomcat-embed-core-10.1.39.jar:10.1.39]
	at org.apache.coyote.AbstractProtocol$ConnectionHandler.process(AbstractProtocol.java:905) ~[tomcat-embed-core-10.1.39.jar:10.1.39]
	at org.apache.tomcat.util.net.NioEndpoint$SocketProcessor.doRun(NioEndpoint.java:1743) ~[tomcat-embed-core-10.1.39.jar:10.1.39]
	at org.apache.tomcat.util.net.SocketProcessorBase.run(SocketProcessorBase.java:52) ~[tomcat-embed-core-10.1.39.jar:10.1.39]
	at org.apache.tomcat.util.threads.ThreadPoolExecutor.runWorker(ThreadPoolExecutor.java:1190) ~[tomcat-embed-core-10.1.39.jar:10.1.39]
	at org.apache.tomcat.util.threads.ThreadPoolExecutor$Worker.run(ThreadPoolExecutor.java:659) ~[tomcat-embed-core-10.1.39.jar:10.1.39]
	at org.apache.tomcat.util.threads.TaskThread$WrappingRunnable.run(TaskThread.java:63) ~[tomcat-embed-core-10.1.39.jar:10.1.39]
	at java.base/java.lang.Thread.run(Thread.java:840) ~[na:na]

2025-04-12T16:20:51.767+05:30  INFO 43527 --- [sales-analysis-system] [SpringApplicationShutdownHook] o.s.b.w.e.tomcat.GracefulShutdown        : Commencing graceful shutdown. Waiting for active requests to complete
2025-04-12T16:20:53.788+05:30  INFO 43527 --- [sales-analysis-system] [tomcat-shutdown] o.s.b.w.e.tomcat.GracefulShutdown        : Graceful shutdown complete
2025-04-12T16:20:53.811+05:30  INFO 43527 --- [sales-analysis-system] [SpringApplicationShutdownHook] j.LocalContainerEntityManagerFactoryBean : Closing JPA EntityManagerFactory for persistence unit 'default'
2025-04-12T16:20:53.820+05:30  INFO 43527 --- [sales-analysis-system] [SpringApplicationShutdownHook] com.zaxxer.hikari.HikariDataSource       : HikariPool-1 - Shutdown initiated...
2025-04-12T16:20:53.824+05:30  INFO 43527 --- [sales-analysis-system] [SpringApplicationShutdownHook] com.zaxxer.hikari.HikariDataSource       : HikariPool-1 - Shutdown completed.
2025-04-12T16:21:07.332+05:30  INFO 43655 --- [sales-analysis-system] [main] c.s.s.SalesAnalysisSystemApplication     : Starting SalesAnalysisSystemApplication using Java 17.0.10 with PID 43655 (/Users/syedomerasfaqalikhan/Documents/task/sales-analysis-system/target/classes started by syedomerasfaqalikhan in /Users/syedomerasfaqalikhan/Documents/task/sales-analysis-system)
2025-04-12T16:21:07.335+05:30  INFO 43655 --- [sales-analysis-system] [main] c.s.s.SalesAnalysisSystemApplication     : No active profile set, falling back to 1 default profile: "default"
2025-04-12T16:21:07.895+05:30  INFO 43655 --- [sales-analysis-system] [main] .s.d.r.c.RepositoryConfigurationDelegate : Bootstrapping Spring Data JPA repositories in DEFAULT mode.
2025-04-12T16:21:07.946+05:30  INFO 43655 --- [sales-analysis-system] [main] .s.d.r.c.RepositoryConfigurationDelegate : Finished Spring Data repository scanning in 44 ms. Found 6 JPA repository interfaces.
2025-04-12T16:21:08.278+05:30  INFO 43655 --- [sales-analysis-system] [main] o.s.b.w.embedded.tomcat.TomcatWebServer  : Tomcat initialized with port 8080 (http)
2025-04-12T16:21:08.287+05:30  INFO 43655 --- [sales-analysis-system] [main] o.apache.catalina.core.StandardService   : Starting service [Tomcat]
2025-04-12T16:21:08.287+05:30  INFO 43655 --- [sales-analysis-system] [main] o.apache.catalina.core.StandardEngine    : Starting Servlet engine: [Apache Tomcat/10.1.39]
2025-04-12T16:21:08.324+05:30  INFO 43655 --- [sales-analysis-system] [main] o.a.c.c.C.[Tomcat].[localhost].[/]       : Initializing Spring embedded WebApplicationContext
2025-04-12T16:21:08.324+05:30  INFO 43655 --- [sales-analysis-system] [main] w.s.c.ServletWebServerApplicationContext : Root WebApplicationContext: initialization completed in 930 ms
2025-04-12T16:21:08.386+05:30  INFO 43655 --- [sales-analysis-system] [main] com.zaxxer.hikari.HikariDataSource       : HikariPool-1 - Starting...
2025-04-12T16:21:08.454+05:30  INFO 43655 --- [sales-analysis-system] [main] com.zaxxer.hikari.pool.HikariPool        : HikariPool-1 - Added connection org.postgresql.jdbc.PgConnection@b67cc70
2025-04-12T16:21:08.455+05:30  INFO 43655 --- [sales-analysis-system] [main] com.zaxxer.hikari.HikariDataSource       : HikariPool-1 - Start completed.
2025-04-12T16:21:08.515+05:30  INFO 43655 --- [sales-analysis-system] [main] o.hibernate.jpa.internal.util.LogHelper  : HHH000204: Processing PersistenceUnitInfo [name: default]
2025-04-12T16:21:08.557+05:30  INFO 43655 --- [sales-analysis-system] [main] org.hibernate.Version                    : HHH000412: Hibernate ORM core version 6.6.11.Final
2025-04-12T16:21:08.585+05:30  INFO 43655 --- [sales-analysis-system] [main] o.h.c.internal.RegionFactoryInitiator    : HHH000026: Second-level cache disabled
2025-04-12T16:21:08.760+05:30  INFO 43655 --- [sales-analysis-system] [main] o.s.o.j.p.SpringPersistenceUnitInfo      : No LoadTimeWeaver setup: ignoring JPA class transformer
2025-04-12T16:21:08.820+05:30  INFO 43655 --- [sales-analysis-system] [main] org.hibernate.orm.connections.pooling    : HHH10001005: Database info:
	Database JDBC URL [Connecting through datasource 'HikariDataSource (HikariPool-1)']
	Database driver: undefined/unknown
	Database version: 15.2
	Autocommit mode: undefined/unknown
	Isolation level: undefined/unknown
	Minimum pool size: undefined/unknown
	Maximum pool size: undefined/unknown
2025-04-12T16:21:09.864+05:30  INFO 43655 --- [sales-analysis-system] [main] o.h.e.t.j.p.i.JtaPlatformInitiator       : HHH000489: No JTA platform available (set 'hibernate.transaction.jta.platform' to enable JTA platform integration)
2025-04-12T16:21:10.103+05:30  INFO 43655 --- [sales-analysis-system] [main] j.LocalContainerEntityManagerFactoryBean : Initialized JPA EntityManagerFactory for persistence unit 'default'
2025-04-12T16:21:10.291+05:30  INFO 43655 --- [sales-analysis-system] [main] o.s.d.j.r.query.QueryEnhancerFactory     : Hibernate is in classpath; If applicable, HQL parser will be used.
2025-04-12T16:21:11.366+05:30  WARN 43655 --- [sales-analysis-system] [main] JpaBaseConfiguration$JpaWebConfiguration : spring.jpa.open-in-view is enabled by default. Therefore, database queries may be performed during view rendering. Explicitly configure spring.jpa.open-in-view to disable this warning
2025-04-12T16:21:11.506+05:30  WARN 43655 --- [sales-analysis-system] [main] ion$DefaultTemplateResolverConfiguration : Cannot find template location: classpath:/templates/ (please add some templates, check your Thymeleaf configuration, or set spring.thymeleaf.check-template-location=false)
2025-04-12T16:21:11.573+05:30  INFO 43655 --- [sales-analysis-system] [main] o.s.b.w.embedded.tomcat.TomcatWebServer  : Tomcat started on port 8080 (http) with context path '/'
2025-04-12T16:21:11.582+05:30  INFO 43655 --- [sales-analysis-system] [main] c.s.s.SalesAnalysisSystemApplication     : Started SalesAnalysisSystemApplication in 4.814 seconds (process running for 5.134)
2025-04-12T16:21:20.432+05:30  INFO 43655 --- [sales-analysis-system] [http-nio-8080-exec-2] o.a.c.c.C.[Tomcat].[localhost].[/]       : Initializing Spring DispatcherServlet 'dispatcherServlet'
2025-04-12T16:21:20.432+05:30  INFO 43655 --- [sales-analysis-system] [http-nio-8080-exec-2] o.s.web.servlet.DispatcherServlet        : Initializing Servlet 'dispatcherServlet'
2025-04-12T16:21:20.433+05:30  INFO 43655 --- [sales-analysis-system] [http-nio-8080-exec-2] o.s.web.servlet.DispatcherServlet        : Completed initialization in 1 ms
2025-04-12T16:21:20.446+05:30  WARN 43655 --- [sales-analysis-system] [http-nio-8080-exec-2] .w.s.m.s.DefaultHandlerExceptionResolver : Resolved [org.springframework.web.HttpMediaTypeNotSupportedException: Content-Type 'text/csv' is not supported]
2025-04-12T16:21:35.041+05:30  WARN 43655 --- [sales-analysis-system] [http-nio-8080-exec-3] .w.s.m.s.DefaultHandlerExceptionResolver : Resolved [org.springframework.web.HttpMediaTypeNotSupportedException: Content-Type 'text/csv' is not supported]
2025-04-12T16:21:37.020+05:30  INFO 43655 --- [sales-analysis-system] [SpringApplicationShutdownHook] o.s.b.w.e.tomcat.GracefulShutdown        : Commencing graceful shutdown. Waiting for active requests to complete
2025-04-12T16:21:39.036+05:30  INFO 43655 --- [sales-analysis-system] [tomcat-shutdown] o.s.b.w.e.tomcat.GracefulShutdown        : Graceful shutdown complete
2025-04-12T16:21:39.048+05:30  INFO 43655 --- [sales-analysis-system] [SpringApplicationShutdownHook] j.LocalContainerEntityManagerFactoryBean : Closing JPA EntityManagerFactory for persistence unit 'default'
2025-04-12T16:21:39.052+05:30  INFO 43655 --- [sales-analysis-system] [SpringApplicationShutdownHook] com.zaxxer.hikari.HikariDataSource       : HikariPool-1 - Shutdown initiated...
2025-04-12T16:21:39.055+05:30  INFO 43655 --- [sales-analysis-system] [SpringApplicationShutdownHook] com.zaxxer.hikari.HikariDataSource       : HikariPool-1 - Shutdown completed.
2025-04-12T16:21:41.778+05:30  INFO 43689 --- [sales-analysis-system] [main] c.s.s.SalesAnalysisSystemApplication     : Starting SalesAnalysisSystemApplication using Java 17.0.10 with PID 43689 (/Users/syedomerasfaqalikhan/Documents/task/sales-analysis-system/target/classes started by syedomerasfaqalikhan in /Users/syedomerasfaqalikhan/Documents/task/sales-analysis-system)
2025-04-12T16:21:41.783+05:30  INFO 43689 --- [sales-analysis-system] [main] c.s.s.SalesAnalysisSystemApplication     : No active profile set, falling back to 1 default profile: "default"
2025-04-12T16:21:42.368+05:30  INFO 43689 --- [sales-analysis-system] [main] .s.d.r.c.RepositoryConfigurationDelegate : Bootstrapping Spring Data JPA repositories in DEFAULT mode.
2025-04-12T16:21:42.423+05:30  INFO 43689 --- [sales-analysis-system] [main] .s.d.r.c.RepositoryConfigurationDelegate : Finished Spring Data repository scanning in 47 ms. Found 6 JPA repository interfaces.
2025-04-12T16:21:42.764+05:30  INFO 43689 --- [sales-analysis-system] [main] o.s.b.w.embedded.tomcat.TomcatWebServer  : Tomcat initialized with port 8080 (http)
2025-04-12T16:21:42.773+05:30  INFO 43689 --- [sales-analysis-system] [main] o.apache.catalina.core.StandardService   : Starting service [Tomcat]
2025-04-12T16:21:42.774+05:30  INFO 43689 --- [sales-analysis-system] [main] o.apache.catalina.core.StandardEngine    : Starting Servlet engine: [Apache Tomcat/10.1.39]
2025-04-12T16:21:42.813+05:30  INFO 43689 --- [sales-analysis-system] [main] o.a.c.c.C.[Tomcat].[localhost].[/]       : Initializing Spring embedded WebApplicationContext
2025-04-12T16:21:42.814+05:30  INFO 43689 --- [sales-analysis-system] [main] w.s.c.ServletWebServerApplicationContext : Root WebApplicationContext: initialization completed in 978 ms
2025-04-12T16:21:42.877+05:30  INFO 43689 --- [sales-analysis-system] [main] com.zaxxer.hikari.HikariDataSource       : HikariPool-1 - Starting...
2025-04-12T16:21:42.956+05:30  INFO 43689 --- [sales-analysis-system] [main] com.zaxxer.hikari.pool.HikariPool        : HikariPool-1 - Added connection org.postgresql.jdbc.PgConnection@92d1782
2025-04-12T16:21:42.957+05:30  INFO 43689 --- [sales-analysis-system] [main] com.zaxxer.hikari.HikariDataSource       : HikariPool-1 - Start completed.
2025-04-12T16:21:43.017+05:30  INFO 43689 --- [sales-analysis-system] [main] o.hibernate.jpa.internal.util.LogHelper  : HHH000204: Processing PersistenceUnitInfo [name: default]
2025-04-12T16:21:43.053+05:30  INFO 43689 --- [sales-analysis-system] [main] org.hibernate.Version                    : HHH000412: Hibernate ORM core version 6.6.11.Final
2025-04-12T16:21:43.074+05:30  INFO 43689 --- [sales-analysis-system] [main] o.h.c.internal.RegionFactoryInitiator    : HHH000026: Second-level cache disabled
2025-04-12T16:21:43.266+05:30  INFO 43689 --- [sales-analysis-system] [main] o.s.o.j.p.SpringPersistenceUnitInfo      : No LoadTimeWeaver setup: ignoring JPA class transformer
2025-04-12T16:21:43.335+05:30  INFO 43689 --- [sales-analysis-system] [main] org.hibernate.orm.connections.pooling    : HHH10001005: Database info:
	Database JDBC URL [Connecting through datasource 'HikariDataSource (HikariPool-1)']
	Database driver: undefined/unknown
	Database version: 15.2
	Autocommit mode: undefined/unknown
	Isolation level: undefined/unknown
	Minimum pool size: undefined/unknown
	Maximum pool size: undefined/unknown
2025-04-12T16:21:44.166+05:30  INFO 43689 --- [sales-analysis-system] [main] o.h.e.t.j.p.i.JtaPlatformInitiator       : HHH000489: No JTA platform available (set 'hibernate.transaction.jta.platform' to enable JTA platform integration)
2025-04-12T16:21:44.413+05:30  INFO 43689 --- [sales-analysis-system] [main] j.LocalContainerEntityManagerFactoryBean : Initialized JPA EntityManagerFactory for persistence unit 'default'
2025-04-12T16:21:44.636+05:30  INFO 43689 --- [sales-analysis-system] [main] o.s.d.j.r.query.QueryEnhancerFactory     : Hibernate is in classpath; If applicable, HQL parser will be used.
2025-04-12T16:21:45.648+05:30  WARN 43689 --- [sales-analysis-system] [main] JpaBaseConfiguration$JpaWebConfiguration : spring.jpa.open-in-view is enabled by default. Therefore, database queries may be performed during view rendering. Explicitly configure spring.jpa.open-in-view to disable this warning
2025-04-12T16:21:45.789+05:30  WARN 43689 --- [sales-analysis-system] [main] ion$DefaultTemplateResolverConfiguration : Cannot find template location: classpath:/templates/ (please add some templates, check your Thymeleaf configuration, or set spring.thymeleaf.check-template-location=false)
2025-04-12T16:21:45.867+05:30  INFO 43689 --- [sales-analysis-system] [main] o.s.b.w.embedded.tomcat.TomcatWebServer  : Tomcat started on port 8080 (http) with context path '/'
2025-04-12T16:21:45.876+05:30  INFO 43689 --- [sales-analysis-system] [main] c.s.s.SalesAnalysisSystemApplication     : Started SalesAnalysisSystemApplication in 4.773 seconds (process running for 5.173)
2025-04-12T16:21:48.517+05:30  INFO 43689 --- [sales-analysis-system] [http-nio-8080-exec-2] o.a.c.c.C.[Tomcat].[localhost].[/]       : Initializing Spring DispatcherServlet 'dispatcherServlet'
2025-04-12T16:21:48.518+05:30  INFO 43689 --- [sales-analysis-system] [http-nio-8080-exec-2] o.s.web.servlet.DispatcherServlet        : Initializing Servlet 'dispatcherServlet'
2025-04-12T16:21:48.518+05:30  INFO 43689 --- [sales-analysis-system] [http-nio-8080-exec-2] o.s.web.servlet.DispatcherServlet        : Completed initialization in 0 ms
2025-04-12T16:21:48.529+05:30  WARN 43689 --- [sales-analysis-system] [http-nio-8080-exec-2] .w.s.m.s.DefaultHandlerExceptionResolver : Resolved [org.springframework.web.HttpMediaTypeNotSupportedException: Content-Type 'text/csv' is not supported]
2025-04-12T16:22:08.071+05:30  WARN 43689 --- [sales-analysis-system] [http-nio-8080-exec-3] .w.s.m.s.DefaultHandlerExceptionResolver : Resolved [org.springframework.web.HttpMediaTypeNotSupportedException: Content-Type 'text/csv' is not supported]
2025-04-12T16:22:25.326+05:30  INFO 43689 --- [sales-analysis-system] [SpringApplicationShutdownHook] o.s.b.w.e.tomcat.GracefulShutdown        : Commencing graceful shutdown. Waiting for active requests to complete
2025-04-12T16:22:27.341+05:30  INFO 43689 --- [sales-analysis-system] [tomcat-shutdown] o.s.b.w.e.tomcat.GracefulShutdown        : Graceful shutdown complete
2025-04-12T16:22:27.345+05:30  INFO 43689 --- [sales-analysis-system] [SpringApplicationShutdownHook] j.LocalContainerEntityManagerFactoryBean : Closing JPA EntityManagerFactory for persistence unit 'default'
2025-04-12T16:22:27.347+05:30  INFO 43689 --- [sales-analysis-system] [SpringApplicationShutdownHook] com.zaxxer.hikari.HikariDataSource       : HikariPool-1 - Shutdown initiated...
2025-04-12T16:22:27.349+05:30  INFO 43689 --- [sales-analysis-system] [SpringApplicationShutdownHook] com.zaxxer.hikari.HikariDataSource       : HikariPool-1 - Shutdown completed.
2025-04-12T16:22:30.427+05:30  INFO 43765 --- [sales-analysis-system] [main] c.s.s.SalesAnalysisSystemApplication     : Starting SalesAnalysisSystemApplication using Java 17.0.10 with PID 43765 (/Users/syedomerasfaqalikhan/Documents/task/sales-analysis-system/target/classes started by syedomerasfaqalikhan in /Users/syedomerasfaqalikhan/Documents/task/sales-analysis-system)
2025-04-12T16:22:30.430+05:30  INFO 43765 --- [sales-analysis-system] [main] c.s.s.SalesAnalysisSystemApplication     : No active profile set, falling back to 1 default profile: "default"
2025-04-12T16:22:30.850+05:30  INFO 43765 --- [sales-analysis-system] [main] .s.d.r.c.RepositoryConfigurationDelegate : Bootstrapping Spring Data JPA repositories in DEFAULT mode.
2025-04-12T16:22:30.895+05:30  INFO 43765 --- [sales-analysis-system] [main] .s.d.r.c.RepositoryConfigurationDelegate : Finished Spring Data repository scanning in 39 ms. Found 6 JPA repository interfaces.
2025-04-12T16:22:31.187+05:30  INFO 43765 --- [sales-analysis-system] [main] o.s.b.w.embedded.tomcat.TomcatWebServer  : Tomcat initialized with port 8080 (http)
2025-04-12T16:22:31.195+05:30  INFO 43765 --- [sales-analysis-system] [main] o.apache.catalina.core.StandardService   : Starting service [Tomcat]
2025-04-12T16:22:31.196+05:30  INFO 43765 --- [sales-analysis-system] [main] o.apache.catalina.core.StandardEngine    : Starting Servlet engine: [Apache Tomcat/10.1.39]
2025-04-12T16:22:31.235+05:30  INFO 43765 --- [sales-analysis-system] [main] o.a.c.c.C.[Tomcat].[localhost].[/]       : Initializing Spring embedded WebApplicationContext
2025-04-12T16:22:31.235+05:30  INFO 43765 --- [sales-analysis-system] [main] w.s.c.ServletWebServerApplicationContext : Root WebApplicationContext: initialization completed in 773 ms
2025-04-12T16:22:31.292+05:30  INFO 43765 --- [sales-analysis-system] [main] com.zaxxer.hikari.HikariDataSource       : HikariPool-1 - Starting...
2025-04-12T16:22:31.367+05:30  INFO 43765 --- [sales-analysis-system] [main] com.zaxxer.hikari.pool.HikariPool        : HikariPool-1 - Added connection org.postgresql.jdbc.PgConnection@6a1ef65c
2025-04-12T16:22:31.368+05:30  INFO 43765 --- [sales-analysis-system] [main] com.zaxxer.hikari.HikariDataSource       : HikariPool-1 - Start completed.
2025-04-12T16:22:31.422+05:30  INFO 43765 --- [sales-analysis-system] [main] o.hibernate.jpa.internal.util.LogHelper  : HHH000204: Processing PersistenceUnitInfo [name: default]
2025-04-12T16:22:31.457+05:30  INFO 43765 --- [sales-analysis-system] [main] org.hibernate.Version                    : HHH000412: Hibernate ORM core version 6.6.11.Final
2025-04-12T16:22:31.477+05:30  INFO 43765 --- [sales-analysis-system] [main] o.h.c.internal.RegionFactoryInitiator    : HHH000026: Second-level cache disabled
2025-04-12T16:22:31.632+05:30  INFO 43765 --- [sales-analysis-system] [main] o.s.o.j.p.SpringPersistenceUnitInfo      : No LoadTimeWeaver setup: ignoring JPA class transformer
2025-04-12T16:22:31.687+05:30  INFO 43765 --- [sales-analysis-system] [main] org.hibernate.orm.connections.pooling    : HHH10001005: Database info:
	Database JDBC URL [Connecting through datasource 'HikariDataSource (HikariPool-1)']
	Database driver: undefined/unknown
	Database version: 15.2
	Autocommit mode: undefined/unknown
	Isolation level: undefined/unknown
	Minimum pool size: undefined/unknown
	Maximum pool size: undefined/unknown
2025-04-12T16:22:32.243+05:30  INFO 43765 --- [sales-analysis-system] [main] o.h.e.t.j.p.i.JtaPlatformInitiator       : HHH000489: No JTA platform available (set 'hibernate.transaction.jta.platform' to enable JTA platform integration)
2025-04-12T16:22:32.479+05:30  INFO 43765 --- [sales-analysis-system] [main] j.LocalContainerEntityManagerFactoryBean : Initialized JPA EntityManagerFactory for persistence unit 'default'
2025-04-12T16:22:32.687+05:30  INFO 43765 --- [sales-analysis-system] [main] o.s.d.j.r.query.QueryEnhancerFactory     : Hibernate is in classpath; If applicable, HQL parser will be used.
2025-04-12T16:22:33.717+05:30  WARN 43765 --- [sales-analysis-system] [main] JpaBaseConfiguration$JpaWebConfiguration : spring.jpa.open-in-view is enabled by default. Therefore, database queries may be performed during view rendering. Explicitly configure spring.jpa.open-in-view to disable this warning
2025-04-12T16:22:33.865+05:30  WARN 43765 --- [sales-analysis-system] [main] ion$DefaultTemplateResolverConfiguration : Cannot find template location: classpath:/templates/ (please add some templates, check your Thymeleaf configuration, or set spring.thymeleaf.check-template-location=false)
2025-04-12T16:22:33.940+05:30  INFO 43765 --- [sales-analysis-system] [main] o.s.b.w.embedded.tomcat.TomcatWebServer  : Tomcat started on port 8080 (http) with context path '/'
2025-04-12T16:22:33.950+05:30  INFO 43765 --- [sales-analysis-system] [main] c.s.s.SalesAnalysisSystemApplication     : Started SalesAnalysisSystemApplication in 3.864 seconds (process running for 4.149)
2025-04-12T16:22:37.243+05:30  INFO 43765 --- [sales-analysis-system] [http-nio-8080-exec-1] o.a.c.c.C.[Tomcat].[localhost].[/]       : Initializing Spring DispatcherServlet 'dispatcherServlet'
2025-04-12T16:22:37.243+05:30  INFO 43765 --- [sales-analysis-system] [http-nio-8080-exec-1] o.s.web.servlet.DispatcherServlet        : Initializing Servlet 'dispatcherServlet'
2025-04-12T16:22:37.244+05:30  INFO 43765 --- [sales-analysis-system] [http-nio-8080-exec-1] o.s.web.servlet.DispatcherServlet        : Completed initialization in 1 ms
2025-04-12T16:22:37.254+05:30  WARN 43765 --- [sales-analysis-system] [http-nio-8080-exec-1] .w.s.m.s.DefaultHandlerExceptionResolver : Resolved [org.springframework.web.HttpMediaTypeNotSupportedException: Content-Type 'text/csv' is not supported]
2025-04-12T16:24:45.986+05:30  INFO 43765 --- [sales-analysis-system] [SpringApplicationShutdownHook] o.s.b.w.e.tomcat.GracefulShutdown        : Commencing graceful shutdown. Waiting for active requests to complete
2025-04-12T16:24:48.004+05:30  INFO 43765 --- [sales-analysis-system] [tomcat-shutdown] o.s.b.w.e.tomcat.GracefulShutdown        : Graceful shutdown complete
2025-04-12T16:24:48.016+05:30  INFO 43765 --- [sales-analysis-system] [SpringApplicationShutdownHook] j.LocalContainerEntityManagerFactoryBean : Closing JPA EntityManagerFactory for persistence unit 'default'
2025-04-12T16:24:48.022+05:30  INFO 43765 --- [sales-analysis-system] [SpringApplicationShutdownHook] com.zaxxer.hikari.HikariDataSource       : HikariPool-1 - Shutdown initiated...
2025-04-12T16:24:48.025+05:30  INFO 43765 --- [sales-analysis-system] [SpringApplicationShutdownHook] com.zaxxer.hikari.HikariDataSource       : HikariPool-1 - Shutdown completed.
2025-04-12T16:24:51.057+05:30  INFO 43937 --- [sales-analysis-system] [main] c.s.s.SalesAnalysisSystemApplication     : Starting SalesAnalysisSystemApplication using Java 17.0.10 with PID 43937 (/Users/syedomerasfaqalikhan/Documents/task/sales-analysis-system/target/classes started by syedomerasfaqalikhan in /Users/syedomerasfaqalikhan/Documents/task/sales-analysis-system)
2025-04-12T16:24:51.060+05:30  INFO 43937 --- [sales-analysis-system] [main] c.s.s.SalesAnalysisSystemApplication     : No active profile set, falling back to 1 default profile: "default"
2025-04-12T16:24:51.668+05:30  INFO 43937 --- [sales-analysis-system] [main] .s.d.r.c.RepositoryConfigurationDelegate : Bootstrapping Spring Data JPA repositories in DEFAULT mode.
2025-04-12T16:24:51.717+05:30  INFO 43937 --- [sales-analysis-system] [main] .s.d.r.c.RepositoryConfigurationDelegate : Finished Spring Data repository scanning in 41 ms. Found 6 JPA repository interfaces.
2025-04-12T16:24:52.015+05:30  INFO 43937 --- [sales-analysis-system] [main] o.s.b.w.embedded.tomcat.TomcatWebServer  : Tomcat initialized with port 8080 (http)
2025-04-12T16:24:52.023+05:30  INFO 43937 --- [sales-analysis-system] [main] o.apache.catalina.core.StandardService   : Starting service [Tomcat]
2025-04-12T16:24:52.023+05:30  INFO 43937 --- [sales-analysis-system] [main] o.apache.catalina.core.StandardEngine    : Starting Servlet engine: [Apache Tomcat/10.1.39]
2025-04-12T16:24:52.056+05:30  INFO 43937 --- [sales-analysis-system] [main] o.a.c.c.C.[Tomcat].[localhost].[/]       : Initializing Spring embedded WebApplicationContext
2025-04-12T16:24:52.056+05:30  INFO 43937 --- [sales-analysis-system] [main] w.s.c.ServletWebServerApplicationContext : Root WebApplicationContext: initialization completed in 943 ms
2025-04-12T16:24:52.107+05:30  INFO 43937 --- [sales-analysis-system] [main] com.zaxxer.hikari.HikariDataSource       : HikariPool-1 - Starting...
2025-04-12T16:24:52.164+05:30  INFO 43937 --- [sales-analysis-system] [main] com.zaxxer.hikari.pool.HikariPool        : HikariPool-1 - Added connection org.postgresql.jdbc.PgConnection@52b46d52
2025-04-12T16:24:52.165+05:30  INFO 43937 --- [sales-analysis-system] [main] com.zaxxer.hikari.HikariDataSource       : HikariPool-1 - Start completed.
2025-04-12T16:24:52.209+05:30  INFO 43937 --- [sales-analysis-system] [main] o.hibernate.jpa.internal.util.LogHelper  : HHH000204: Processing PersistenceUnitInfo [name: default]
2025-04-12T16:24:52.239+05:30  INFO 43937 --- [sales-analysis-system] [main] org.hibernate.Version                    : HHH000412: Hibernate ORM core version 6.6.11.Final
2025-04-12T16:24:52.262+05:30  INFO 43937 --- [sales-analysis-system] [main] o.h.c.internal.RegionFactoryInitiator    : HHH000026: Second-level cache disabled
2025-04-12T16:24:52.405+05:30  INFO 43937 --- [sales-analysis-system] [main] o.s.o.j.p.SpringPersistenceUnitInfo      : No LoadTimeWeaver setup: ignoring JPA class transformer
2025-04-12T16:24:52.456+05:30  INFO 43937 --- [sales-analysis-system] [main] org.hibernate.orm.connections.pooling    : HHH10001005: Database info:
	Database JDBC URL [Connecting through datasource 'HikariDataSource (HikariPool-1)']
	Database driver: undefined/unknown
	Database version: 15.2
	Autocommit mode: undefined/unknown
	Isolation level: undefined/unknown
	Minimum pool size: undefined/unknown
	Maximum pool size: undefined/unknown
2025-04-12T16:24:52.974+05:30  INFO 43937 --- [sales-analysis-system] [main] o.h.e.t.j.p.i.JtaPlatformInitiator       : HHH000489: No JTA platform available (set 'hibernate.transaction.jta.platform' to enable JTA platform integration)
2025-04-12T16:24:53.195+05:30  INFO 43937 --- [sales-analysis-system] [main] j.LocalContainerEntityManagerFactoryBean : Initialized JPA EntityManagerFactory for persistence unit 'default'
2025-04-12T16:24:53.389+05:30  INFO 43937 --- [sales-analysis-system] [main] o.s.d.j.r.query.QueryEnhancerFactory     : Hibernate is in classpath; If applicable, HQL parser will be used.
2025-04-12T16:24:54.330+05:30  WARN 43937 --- [sales-analysis-system] [main] JpaBaseConfiguration$JpaWebConfiguration : spring.jpa.open-in-view is enabled by default. Therefore, database queries may be performed during view rendering. Explicitly configure spring.jpa.open-in-view to disable this warning
2025-04-12T16:24:54.469+05:30  WARN 43937 --- [sales-analysis-system] [main] ion$DefaultTemplateResolverConfiguration : Cannot find template location: classpath:/templates/ (please add some templates, check your Thymeleaf configuration, or set spring.thymeleaf.check-template-location=false)
2025-04-12T16:24:54.540+05:30  INFO 43937 --- [sales-analysis-system] [main] o.s.b.w.embedded.tomcat.TomcatWebServer  : Tomcat started on port 8080 (http) with context path '/'
2025-04-12T16:24:54.549+05:30  INFO 43937 --- [sales-analysis-system] [main] c.s.s.SalesAnalysisSystemApplication     : Started SalesAnalysisSystemApplication in 4.011 seconds (process running for 4.296)
2025-04-12T16:25:03.600+05:30  INFO 43937 --- [sales-analysis-system] [http-nio-8080-exec-1] o.a.c.c.C.[Tomcat].[localhost].[/]       : Initializing Spring DispatcherServlet 'dispatcherServlet'
2025-04-12T16:25:03.600+05:30  INFO 43937 --- [sales-analysis-system] [http-nio-8080-exec-1] o.s.web.servlet.DispatcherServlet        : Initializing Servlet 'dispatcherServlet'
2025-04-12T16:25:03.601+05:30  INFO 43937 --- [sales-analysis-system] [http-nio-8080-exec-1] o.s.web.servlet.DispatcherServlet        : Completed initialization in 1 ms
2025-04-12T16:25:03.612+05:30  WARN 43937 --- [sales-analysis-system] [http-nio-8080-exec-1] .w.s.m.s.DefaultHandlerExceptionResolver : Resolved [org.springframework.web.HttpMediaTypeNotSupportedException: Content-Type 'text/csv' is not supported]
2025-04-12T16:25:08.429+05:30  INFO 43937 --- [sales-analysis-system] [SpringApplicationShutdownHook] o.s.b.w.e.tomcat.GracefulShutdown        : Commencing graceful shutdown. Waiting for active requests to complete
2025-04-12T16:25:10.443+05:30  INFO 43937 --- [sales-analysis-system] [tomcat-shutdown] o.s.b.w.e.tomcat.GracefulShutdown        : Graceful shutdown complete
2025-04-12T16:25:10.447+05:30  INFO 43937 --- [sales-analysis-system] [SpringApplicationShutdownHook] j.LocalContainerEntityManagerFactoryBean : Closing JPA EntityManagerFactory for persistence unit 'default'
2025-04-12T16:25:10.450+05:30  INFO 43937 --- [sales-analysis-system] [SpringApplicationShutdownHook] com.zaxxer.hikari.HikariDataSource       : HikariPool-1 - Shutdown initiated...
2025-04-12T16:25:10.451+05:30  INFO 43937 --- [sales-analysis-system] [SpringApplicationShutdownHook] com.zaxxer.hikari.HikariDataSource       : HikariPool-1 - Shutdown completed.
2025-04-12T16:25:13.149+05:30  INFO 43965 --- [sales-analysis-system] [main] c.s.s.SalesAnalysisSystemApplication     : Starting SalesAnalysisSystemApplication using Java 17.0.10 with PID 43965 (/Users/syedomerasfaqalikhan/Documents/task/sales-analysis-system/target/classes started by syedomerasfaqalikhan in /Users/syedomerasfaqalikhan/Documents/task/sales-analysis-system)
2025-04-12T16:25:13.152+05:30  INFO 43965 --- [sales-analysis-system] [main] c.s.s.SalesAnalysisSystemApplication     : No active profile set, falling back to 1 default profile: "default"
2025-04-12T16:25:13.801+05:30  INFO 43965 --- [sales-analysis-system] [main] .s.d.r.c.RepositoryConfigurationDelegate : Bootstrapping Spring Data JPA repositories in DEFAULT mode.
2025-04-12T16:25:13.862+05:30  INFO 43965 --- [sales-analysis-system] [main] .s.d.r.c.RepositoryConfigurationDelegate : Finished Spring Data repository scanning in 53 ms. Found 6 JPA repository interfaces.
2025-04-12T16:25:14.270+05:30  INFO 43965 --- [sales-analysis-system] [main] o.s.b.w.embedded.tomcat.TomcatWebServer  : Tomcat initialized with port 8080 (http)
2025-04-12T16:25:14.280+05:30  INFO 43965 --- [sales-analysis-system] [main] o.apache.catalina.core.StandardService   : Starting service [Tomcat]
2025-04-12T16:25:14.281+05:30  INFO 43965 --- [sales-analysis-system] [main] o.apache.catalina.core.StandardEngine    : Starting Servlet engine: [Apache Tomcat/10.1.39]
2025-04-12T16:25:14.328+05:30  INFO 43965 --- [sales-analysis-system] [main] o.a.c.c.C.[Tomcat].[localhost].[/]       : Initializing Spring embedded WebApplicationContext
2025-04-12T16:25:14.328+05:30  INFO 43965 --- [sales-analysis-system] [main] w.s.c.ServletWebServerApplicationContext : Root WebApplicationContext: initialization completed in 1133 ms
2025-04-12T16:25:14.404+05:30  INFO 43965 --- [sales-analysis-system] [main] com.zaxxer.hikari.HikariDataSource       : HikariPool-1 - Starting...
2025-04-12T16:25:14.508+05:30  INFO 43965 --- [sales-analysis-system] [main] com.zaxxer.hikari.pool.HikariPool        : HikariPool-1 - Added connection org.postgresql.jdbc.PgConnection@4f654cee
2025-04-12T16:25:14.509+05:30  INFO 43965 --- [sales-analysis-system] [main] com.zaxxer.hikari.HikariDataSource       : HikariPool-1 - Start completed.
2025-04-12T16:25:14.580+05:30  INFO 43965 --- [sales-analysis-system] [main] o.hibernate.jpa.internal.util.LogHelper  : HHH000204: Processing PersistenceUnitInfo [name: default]
2025-04-12T16:25:14.621+05:30  INFO 43965 --- [sales-analysis-system] [main] org.hibernate.Version                    : HHH000412: Hibernate ORM core version 6.6.11.Final
2025-04-12T16:25:14.648+05:30  INFO 43965 --- [sales-analysis-system] [main] o.h.c.internal.RegionFactoryInitiator    : HHH000026: Second-level cache disabled
2025-04-12T16:25:14.883+05:30  INFO 43965 --- [sales-analysis-system] [main] o.s.o.j.p.SpringPersistenceUnitInfo      : No LoadTimeWeaver setup: ignoring JPA class transformer
2025-04-12T16:25:14.949+05:30  INFO 43965 --- [sales-analysis-system] [main] org.hibernate.orm.connections.pooling    : HHH10001005: Database info:
	Database JDBC URL [Connecting through datasource 'HikariDataSource (HikariPool-1)']
	Database driver: undefined/unknown
	Database version: 15.2
	Autocommit mode: undefined/unknown
	Isolation level: undefined/unknown
	Minimum pool size: undefined/unknown
	Maximum pool size: undefined/unknown
2025-04-12T16:25:15.753+05:30  INFO 43965 --- [sales-analysis-system] [main] o.h.e.t.j.p.i.JtaPlatformInitiator       : HHH000489: No JTA platform available (set 'hibernate.transaction.jta.platform' to enable JTA platform integration)
2025-04-12T16:25:16.001+05:30  INFO 43965 --- [sales-analysis-system] [main] j.LocalContainerEntityManagerFactoryBean : Initialized JPA EntityManagerFactory for persistence unit 'default'
2025-04-12T16:25:16.222+05:30  INFO 43965 --- [sales-analysis-system] [main] o.s.d.j.r.query.QueryEnhancerFactory     : Hibernate is in classpath; If applicable, HQL parser will be used.
2025-04-12T16:25:17.434+05:30  WARN 43965 --- [sales-analysis-system] [main] JpaBaseConfiguration$JpaWebConfiguration : spring.jpa.open-in-view is enabled by default. Therefore, database queries may be performed during view rendering. Explicitly configure spring.jpa.open-in-view to disable this warning
2025-04-12T16:25:17.686+05:30  WARN 43965 --- [sales-analysis-system] [main] ion$DefaultTemplateResolverConfiguration : Cannot find template location: classpath:/templates/ (please add some templates, check your Thymeleaf configuration, or set spring.thymeleaf.check-template-location=false)
2025-04-12T16:25:17.794+05:30  INFO 43965 --- [sales-analysis-system] [main] o.s.b.w.embedded.tomcat.TomcatWebServer  : Tomcat started on port 8080 (http) with context path '/'
2025-04-12T16:25:17.808+05:30  INFO 43965 --- [sales-analysis-system] [main] c.s.s.SalesAnalysisSystemApplication     : Started SalesAnalysisSystemApplication in 5.233 seconds (process running for 5.667)
2025-04-12T16:25:18.807+05:30  INFO 43965 --- [sales-analysis-system] [http-nio-8080-exec-2] o.a.c.c.C.[Tomcat].[localhost].[/]       : Initializing Spring DispatcherServlet 'dispatcherServlet'
2025-04-12T16:25:18.807+05:30  INFO 43965 --- [sales-analysis-system] [http-nio-8080-exec-2] o.s.web.servlet.DispatcherServlet        : Initializing Servlet 'dispatcherServlet'
2025-04-12T16:25:18.809+05:30  INFO 43965 --- [sales-analysis-system] [http-nio-8080-exec-2] o.s.web.servlet.DispatcherServlet        : Completed initialization in 2 ms
2025-04-12T16:25:18.820+05:30  WARN 43965 --- [sales-analysis-system] [http-nio-8080-exec-2] .w.s.m.s.DefaultHandlerExceptionResolver : Resolved [org.springframework.web.HttpMediaTypeNotSupportedException: Content-Type 'text/csv' is not supported]
2025-04-12T16:25:30.607+05:30  WARN 43965 --- [sales-analysis-system] [http-nio-8080-exec-3] .w.s.m.s.DefaultHandlerExceptionResolver : Resolved [org.springframework.web.HttpMediaTypeNotSupportedException: Content-Type 'text/csv' is not supported]
2025-04-12T16:26:11.446+05:30  INFO 43965 --- [sales-analysis-system] [SpringApplicationShutdownHook] o.s.b.w.e.tomcat.GracefulShutdown        : Commencing graceful shutdown. Waiting for active requests to complete
2025-04-12T16:26:13.463+05:30  INFO 43965 --- [sales-analysis-system] [tomcat-shutdown] o.s.b.w.e.tomcat.GracefulShutdown        : Graceful shutdown complete
2025-04-12T16:26:13.472+05:30  INFO 43965 --- [sales-analysis-system] [SpringApplicationShutdownHook] j.LocalContainerEntityManagerFactoryBean : Closing JPA EntityManagerFactory for persistence unit 'default'
2025-04-12T16:26:13.476+05:30  INFO 43965 --- [sales-analysis-system] [SpringApplicationShutdownHook] com.zaxxer.hikari.HikariDataSource       : HikariPool-1 - Shutdown initiated...
2025-04-12T16:26:13.480+05:30  INFO 43965 --- [sales-analysis-system] [SpringApplicationShutdownHook] com.zaxxer.hikari.HikariDataSource       : HikariPool-1 - Shutdown completed.
2025-04-12T16:26:29.167+05:30  INFO 44031 --- [sales-analysis-system] [main] c.s.s.SalesAnalysisSystemApplication     : Starting SalesAnalysisSystemApplication using Java 17.0.10 with PID 44031 (/Users/syedomerasfaqalikhan/Documents/task/sales-analysis-system/target/classes started by syedomerasfaqalikhan in /Users/syedomerasfaqalikhan/Documents/task/sales-analysis-system)
2025-04-12T16:26:29.170+05:30  INFO 44031 --- [sales-analysis-system] [main] c.s.s.SalesAnalysisSystemApplication     : No active profile set, falling back to 1 default profile: "default"
2025-04-12T16:26:29.597+05:30  INFO 44031 --- [sales-analysis-system] [main] .s.d.r.c.RepositoryConfigurationDelegate : Bootstrapping Spring Data JPA repositories in DEFAULT mode.
2025-04-12T16:26:29.654+05:30  INFO 44031 --- [sales-analysis-system] [main] .s.d.r.c.RepositoryConfigurationDelegate : Finished Spring Data repository scanning in 50 ms. Found 6 JPA repository interfaces.
2025-04-12T16:26:29.938+05:30  INFO 44031 --- [sales-analysis-system] [main] o.s.b.w.embedded.tomcat.TomcatWebServer  : Tomcat initialized with port 8080 (http)
2025-04-12T16:26:29.947+05:30  INFO 44031 --- [sales-analysis-system] [main] o.apache.catalina.core.StandardService   : Starting service [Tomcat]
2025-04-12T16:26:29.947+05:30  INFO 44031 --- [sales-analysis-system] [main] o.apache.catalina.core.StandardEngine    : Starting Servlet engine: [Apache Tomcat/10.1.39]
2025-04-12T16:26:29.982+05:30  INFO 44031 --- [sales-analysis-system] [main] o.a.c.c.C.[Tomcat].[localhost].[/]       : Initializing Spring embedded WebApplicationContext
2025-04-12T16:26:29.982+05:30  INFO 44031 --- [sales-analysis-system] [main] w.s.c.ServletWebServerApplicationContext : Root WebApplicationContext: initialization completed in 772 ms
2025-04-12T16:26:30.039+05:30  INFO 44031 --- [sales-analysis-system] [main] com.zaxxer.hikari.HikariDataSource       : HikariPool-1 - Starting...
2025-04-12T16:26:30.104+05:30  INFO 44031 --- [sales-analysis-system] [main] com.zaxxer.hikari.pool.HikariPool        : HikariPool-1 - Added connection org.postgresql.jdbc.PgConnection@25f15f50
2025-04-12T16:26:30.105+05:30  INFO 44031 --- [sales-analysis-system] [main] com.zaxxer.hikari.HikariDataSource       : HikariPool-1 - Start completed.
2025-04-12T16:26:30.160+05:30  INFO 44031 --- [sales-analysis-system] [main] o.hibernate.jpa.internal.util.LogHelper  : HHH000204: Processing PersistenceUnitInfo [name: default]
2025-04-12T16:26:30.193+05:30  INFO 44031 --- [sales-analysis-system] [main] org.hibernate.Version                    : HHH000412: Hibernate ORM core version 6.6.11.Final
2025-04-12T16:26:30.213+05:30  INFO 44031 --- [sales-analysis-system] [main] o.h.c.internal.RegionFactoryInitiator    : HHH000026: Second-level cache disabled
2025-04-12T16:26:30.373+05:30  INFO 44031 --- [sales-analysis-system] [main] o.s.o.j.p.SpringPersistenceUnitInfo      : No LoadTimeWeaver setup: ignoring JPA class transformer
2025-04-12T16:26:30.428+05:30  INFO 44031 --- [sales-analysis-system] [main] org.hibernate.orm.connections.pooling    : HHH10001005: Database info:
	Database JDBC URL [Connecting through datasource 'HikariDataSource (HikariPool-1)']
	Database driver: undefined/unknown
	Database version: 15.2
	Autocommit mode: undefined/unknown
	Isolation level: undefined/unknown
	Minimum pool size: undefined/unknown
	Maximum pool size: undefined/unknown
2025-04-12T16:26:30.963+05:30  INFO 44031 --- [sales-analysis-system] [main] o.h.e.t.j.p.i.JtaPlatformInitiator       : HHH000489: No JTA platform available (set 'hibernate.transaction.jta.platform' to enable JTA platform integration)
2025-04-12T16:26:31.198+05:30  INFO 44031 --- [sales-analysis-system] [main] j.LocalContainerEntityManagerFactoryBean : Initialized JPA EntityManagerFactory for persistence unit 'default'
2025-04-12T16:26:31.398+05:30  INFO 44031 --- [sales-analysis-system] [main] o.s.d.j.r.query.QueryEnhancerFactory     : Hibernate is in classpath; If applicable, HQL parser will be used.
2025-04-12T16:26:32.168+05:30  WARN 44031 --- [sales-analysis-system] [main] JpaBaseConfiguration$JpaWebConfiguration : spring.jpa.open-in-view is enabled by default. Therefore, database queries may be performed during view rendering. Explicitly configure spring.jpa.open-in-view to disable this warning
2025-04-12T16:26:32.309+05:30  WARN 44031 --- [sales-analysis-system] [main] ion$DefaultTemplateResolverConfiguration : Cannot find template location: classpath:/templates/ (please add some templates, check your Thymeleaf configuration, or set spring.thymeleaf.check-template-location=false)
2025-04-12T16:26:32.380+05:30  INFO 44031 --- [sales-analysis-system] [main] o.s.b.w.embedded.tomcat.TomcatWebServer  : Tomcat started on port 8080 (http) with context path '/'
2025-04-12T16:26:32.388+05:30  INFO 44031 --- [sales-analysis-system] [main] c.s.s.SalesAnalysisSystemApplication     : Started SalesAnalysisSystemApplication in 3.547 seconds (process running for 3.796)
2025-04-12T16:26:35.096+05:30  INFO 44031 --- [sales-analysis-system] [http-nio-8080-exec-1] o.a.c.c.C.[Tomcat].[localhost].[/]       : Initializing Spring DispatcherServlet 'dispatcherServlet'
2025-04-12T16:26:35.097+05:30  INFO 44031 --- [sales-analysis-system] [http-nio-8080-exec-1] o.s.web.servlet.DispatcherServlet        : Initializing Servlet 'dispatcherServlet'
2025-04-12T16:26:35.098+05:30  INFO 44031 --- [sales-analysis-system] [http-nio-8080-exec-1] o.s.web.servlet.DispatcherServlet        : Completed initialization in 1 ms
2025-04-12T16:26:35.108+05:30  WARN 44031 --- [sales-analysis-system] [http-nio-8080-exec-1] .w.s.m.s.DefaultHandlerExceptionResolver : Resolved [org.springframework.web.HttpMediaTypeNotSupportedException: Content-Type 'text/csv' is not supported]
2025-04-12T16:26:36.720+05:30  WARN 44031 --- [sales-analysis-system] [http-nio-8080-exec-3] .w.s.m.s.DefaultHandlerExceptionResolver : Resolved [org.springframework.web.HttpMediaTypeNotSupportedException: Content-Type 'text/csv' is not supported]
2025-04-12T16:26:47.683+05:30  INFO 44031 --- [sales-analysis-system] [SpringApplicationShutdownHook] o.s.b.w.e.tomcat.GracefulShutdown        : Commencing graceful shutdown. Waiting for active requests to complete
2025-04-12T16:26:49.698+05:30  INFO 44031 --- [sales-analysis-system] [tomcat-shutdown] o.s.b.w.e.tomcat.GracefulShutdown        : Graceful shutdown complete
2025-04-12T16:26:49.706+05:30  INFO 44031 --- [sales-analysis-system] [SpringApplicationShutdownHook] j.LocalContainerEntityManagerFactoryBean : Closing JPA EntityManagerFactory for persistence unit 'default'
2025-04-12T16:26:49.711+05:30  INFO 44031 --- [sales-analysis-system] [SpringApplicationShutdownHook] com.zaxxer.hikari.HikariDataSource       : HikariPool-1 - Shutdown initiated...
2025-04-12T16:26:49.713+05:30  INFO 44031 --- [sales-analysis-system] [SpringApplicationShutdownHook] com.zaxxer.hikari.HikariDataSource       : HikariPool-1 - Shutdown completed.
2025-04-12T16:28:25.628+05:30  INFO 44109 --- [sales-analysis-system] [main] c.s.s.SalesAnalysisSystemApplication     : Starting SalesAnalysisSystemApplication using Java 17.0.10 with PID 44109 (/Users/syedomerasfaqalikhan/Documents/task/sales-analysis-system/target/classes started by syedomerasfaqalikhan in /Users/syedomerasfaqalikhan/Documents/task/sales-analysis-system)
2025-04-12T16:28:25.631+05:30  INFO 44109 --- [sales-analysis-system] [main] c.s.s.SalesAnalysisSystemApplication     : No active profile set, falling back to 1 default profile: "default"
2025-04-12T16:28:26.195+05:30  INFO 44109 --- [sales-analysis-system] [main] .s.d.r.c.RepositoryConfigurationDelegate : Bootstrapping Spring Data JPA repositories in DEFAULT mode.
2025-04-12T16:28:26.242+05:30  INFO 44109 --- [sales-analysis-system] [main] .s.d.r.c.RepositoryConfigurationDelegate : Finished Spring Data repository scanning in 40 ms. Found 6 JPA repository interfaces.
2025-04-12T16:28:26.554+05:30  INFO 44109 --- [sales-analysis-system] [main] o.s.b.w.embedded.tomcat.TomcatWebServer  : Tomcat initialized with port 8080 (http)
2025-04-12T16:28:26.562+05:30  INFO 44109 --- [sales-analysis-system] [main] o.apache.catalina.core.StandardService   : Starting service [Tomcat]
2025-04-12T16:28:26.562+05:30  INFO 44109 --- [sales-analysis-system] [main] o.apache.catalina.core.StandardEngine    : Starting Servlet engine: [Apache Tomcat/10.1.39]
2025-04-12T16:28:26.594+05:30  INFO 44109 --- [sales-analysis-system] [main] o.a.c.c.C.[Tomcat].[localhost].[/]       : Initializing Spring embedded WebApplicationContext
2025-04-12T16:28:26.594+05:30  INFO 44109 --- [sales-analysis-system] [main] w.s.c.ServletWebServerApplicationContext : Root WebApplicationContext: initialization completed in 911 ms
2025-04-12T16:28:26.647+05:30  INFO 44109 --- [sales-analysis-system] [main] com.zaxxer.hikari.HikariDataSource       : HikariPool-1 - Starting...
2025-04-12T16:28:26.707+05:30  INFO 44109 --- [sales-analysis-system] [main] com.zaxxer.hikari.pool.HikariPool        : HikariPool-1 - Added connection org.postgresql.jdbc.PgConnection@7ddd84b5
2025-04-12T16:28:26.707+05:30  INFO 44109 --- [sales-analysis-system] [main] com.zaxxer.hikari.HikariDataSource       : HikariPool-1 - Start completed.
2025-04-12T16:28:26.755+05:30  INFO 44109 --- [sales-analysis-system] [main] o.hibernate.jpa.internal.util.LogHelper  : HHH000204: Processing PersistenceUnitInfo [name: default]
2025-04-12T16:28:26.794+05:30  INFO 44109 --- [sales-analysis-system] [main] org.hibernate.Version                    : HHH000412: Hibernate ORM core version 6.6.11.Final
2025-04-12T16:28:26.815+05:30  INFO 44109 --- [sales-analysis-system] [main] o.h.c.internal.RegionFactoryInitiator    : HHH000026: Second-level cache disabled
2025-04-12T16:28:26.969+05:30  INFO 44109 --- [sales-analysis-system] [main] o.s.o.j.p.SpringPersistenceUnitInfo      : No LoadTimeWeaver setup: ignoring JPA class transformer
2025-04-12T16:28:27.024+05:30  INFO 44109 --- [sales-analysis-system] [main] org.hibernate.orm.connections.pooling    : HHH10001005: Database info:
	Database JDBC URL [Connecting through datasource 'HikariDataSource (HikariPool-1)']
	Database driver: undefined/unknown
	Database version: 15.2
	Autocommit mode: undefined/unknown
	Isolation level: undefined/unknown
	Minimum pool size: undefined/unknown
	Maximum pool size: undefined/unknown
2025-04-12T16:28:27.550+05:30  INFO 44109 --- [sales-analysis-system] [main] o.h.e.t.j.p.i.JtaPlatformInitiator       : HHH000489: No JTA platform available (set 'hibernate.transaction.jta.platform' to enable JTA platform integration)
2025-04-12T16:28:27.783+05:30  INFO 44109 --- [sales-analysis-system] [main] j.LocalContainerEntityManagerFactoryBean : Initialized JPA EntityManagerFactory for persistence unit 'default'
2025-04-12T16:28:28.015+05:30  INFO 44109 --- [sales-analysis-system] [main] o.s.d.j.r.query.QueryEnhancerFactory     : Hibernate is in classpath; If applicable, HQL parser will be used.
2025-04-12T16:28:29.114+05:30  WARN 44109 --- [sales-analysis-system] [main] JpaBaseConfiguration$JpaWebConfiguration : spring.jpa.open-in-view is enabled by default. Therefore, database queries may be performed during view rendering. Explicitly configure spring.jpa.open-in-view to disable this warning
2025-04-12T16:28:29.263+05:30  WARN 44109 --- [sales-analysis-system] [main] ion$DefaultTemplateResolverConfiguration : Cannot find template location: classpath:/templates/ (please add some templates, check your Thymeleaf configuration, or set spring.thymeleaf.check-template-location=false)
2025-04-12T16:28:29.335+05:30  INFO 44109 --- [sales-analysis-system] [main] o.s.b.w.embedded.tomcat.TomcatWebServer  : Tomcat started on port 8080 (http) with context path '/'
2025-04-12T16:28:29.344+05:30  INFO 44109 --- [sales-analysis-system] [main] c.s.s.SalesAnalysisSystemApplication     : Started SalesAnalysisSystemApplication in 4.19 seconds (process running for 4.564)
2025-04-12T16:28:33.400+05:30  INFO 44109 --- [sales-analysis-system] [http-nio-8080-exec-1] o.a.c.c.C.[Tomcat].[localhost].[/]       : Initializing Spring DispatcherServlet 'dispatcherServlet'
2025-04-12T16:28:33.400+05:30  INFO 44109 --- [sales-analysis-system] [http-nio-8080-exec-1] o.s.web.servlet.DispatcherServlet        : Initializing Servlet 'dispatcherServlet'
2025-04-12T16:28:33.401+05:30  INFO 44109 --- [sales-analysis-system] [http-nio-8080-exec-1] o.s.web.servlet.DispatcherServlet        : Completed initialization in 1 ms
2025-04-12T16:28:38.460+05:30  INFO 44109 --- [sales-analysis-system] [SpringApplicationShutdownHook] o.s.b.w.e.tomcat.GracefulShutdown        : Commencing graceful shutdown. Waiting for active requests to complete
2025-04-12T16:28:40.474+05:30  INFO 44109 --- [sales-analysis-system] [tomcat-shutdown] o.s.b.w.e.tomcat.GracefulShutdown        : Graceful shutdown complete
2025-04-12T16:28:40.479+05:30  INFO 44109 --- [sales-analysis-system] [SpringApplicationShutdownHook] j.LocalContainerEntityManagerFactoryBean : Closing JPA EntityManagerFactory for persistence unit 'default'
2025-04-12T16:28:40.482+05:30  INFO 44109 --- [sales-analysis-system] [SpringApplicationShutdownHook] com.zaxxer.hikari.HikariDataSource       : HikariPool-1 - Shutdown initiated...
2025-04-12T16:28:40.484+05:30  INFO 44109 --- [sales-analysis-system] [SpringApplicationShutdownHook] com.zaxxer.hikari.HikariDataSource       : HikariPool-1 - Shutdown completed.
2025-04-12T16:28:43.190+05:30  INFO 44135 --- [sales-analysis-system] [main] c.s.s.SalesAnalysisSystemApplication     : Starting SalesAnalysisSystemApplication using Java 17.0.10 with PID 44135 (/Users/syedomerasfaqalikhan/Documents/task/sales-analysis-system/target/classes started by syedomerasfaqalikhan in /Users/syedomerasfaqalikhan/Documents/task/sales-analysis-system)
2025-04-12T16:28:43.194+05:30  INFO 44135 --- [sales-analysis-system] [main] c.s.s.SalesAnalysisSystemApplication     : No active profile set, falling back to 1 default profile: "default"
2025-04-12T16:28:43.989+05:30  INFO 44135 --- [sales-analysis-system] [main] .s.d.r.c.RepositoryConfigurationDelegate : Bootstrapping Spring Data JPA repositories in DEFAULT mode.
2025-04-12T16:28:44.057+05:30  INFO 44135 --- [sales-analysis-system] [main] .s.d.r.c.RepositoryConfigurationDelegate : Finished Spring Data repository scanning in 59 ms. Found 6 JPA repository interfaces.
2025-04-12T16:28:44.633+05:30  INFO 44135 --- [sales-analysis-system] [main] o.s.b.w.embedded.tomcat.TomcatWebServer  : Tomcat initialized with port 8080 (http)
2025-04-12T16:28:44.655+05:30  INFO 44135 --- [sales-analysis-system] [main] o.apache.catalina.core.StandardService   : Starting service [Tomcat]
2025-04-12T16:28:44.656+05:30  INFO 44135 --- [sales-analysis-system] [main] o.apache.catalina.core.StandardEngine    : Starting Servlet engine: [Apache Tomcat/10.1.39]
2025-04-12T16:28:44.738+05:30  INFO 44135 --- [sales-analysis-system] [main] o.a.c.c.C.[Tomcat].[localhost].[/]       : Initializing Spring embedded WebApplicationContext
2025-04-12T16:28:44.739+05:30  INFO 44135 --- [sales-analysis-system] [main] w.s.c.ServletWebServerApplicationContext : Root WebApplicationContext: initialization completed in 1471 ms
2025-04-12T16:28:44.842+05:30  INFO 44135 --- [sales-analysis-system] [main] com.zaxxer.hikari.HikariDataSource       : HikariPool-1 - Starting...
2025-04-12T16:28:44.954+05:30  INFO 44135 --- [sales-analysis-system] [main] com.zaxxer.hikari.pool.HikariPool        : HikariPool-1 - Added connection org.postgresql.jdbc.PgConnection@3b55dd15
2025-04-12T16:28:44.955+05:30  INFO 44135 --- [sales-analysis-system] [main] com.zaxxer.hikari.HikariDataSource       : HikariPool-1 - Start completed.
2025-04-12T16:28:45.029+05:30  INFO 44135 --- [sales-analysis-system] [main] o.hibernate.jpa.internal.util.LogHelper  : HHH000204: Processing PersistenceUnitInfo [name: default]
2025-04-12T16:28:45.074+05:30  INFO 44135 --- [sales-analysis-system] [main] org.hibernate.Version                    : HHH000412: Hibernate ORM core version 6.6.11.Final
2025-04-12T16:28:45.099+05:30  INFO 44135 --- [sales-analysis-system] [main] o.h.c.internal.RegionFactoryInitiator    : HHH000026: Second-level cache disabled
2025-04-12T16:28:45.327+05:30  INFO 44135 --- [sales-analysis-system] [main] o.s.o.j.p.SpringPersistenceUnitInfo      : No LoadTimeWeaver setup: ignoring JPA class transformer
2025-04-12T16:28:45.394+05:30  INFO 44135 --- [sales-analysis-system] [main] org.hibernate.orm.connections.pooling    : HHH10001005: Database info:
	Database JDBC URL [Connecting through datasource 'HikariDataSource (HikariPool-1)']
	Database driver: undefined/unknown
	Database version: 15.2
	Autocommit mode: undefined/unknown
	Isolation level: undefined/unknown
	Minimum pool size: undefined/unknown
	Maximum pool size: undefined/unknown
2025-04-12T16:28:46.172+05:30  INFO 44135 --- [sales-analysis-system] [main] o.h.e.t.j.p.i.JtaPlatformInitiator       : HHH000489: No JTA platform available (set 'hibernate.transaction.jta.platform' to enable JTA platform integration)
2025-04-12T16:28:46.456+05:30  INFO 44135 --- [sales-analysis-system] [main] j.LocalContainerEntityManagerFactoryBean : Initialized JPA EntityManagerFactory for persistence unit 'default'
2025-04-12T16:28:46.687+05:30  INFO 44135 --- [sales-analysis-system] [main] o.s.d.j.r.query.QueryEnhancerFactory     : Hibernate is in classpath; If applicable, HQL parser will be used.
2025-04-12T16:28:47.771+05:30  WARN 44135 --- [sales-analysis-system] [main] JpaBaseConfiguration$JpaWebConfiguration : spring.jpa.open-in-view is enabled by default. Therefore, database queries may be performed during view rendering. Explicitly configure spring.jpa.open-in-view to disable this warning
2025-04-12T16:28:47.961+05:30  WARN 44135 --- [sales-analysis-system] [main] ion$DefaultTemplateResolverConfiguration : Cannot find template location: classpath:/templates/ (please add some templates, check your Thymeleaf configuration, or set spring.thymeleaf.check-template-location=false)
2025-04-12T16:28:48.056+05:30  INFO 44135 --- [sales-analysis-system] [main] o.s.b.w.embedded.tomcat.TomcatWebServer  : Tomcat started on port 8080 (http) with context path '/'
2025-04-12T16:28:48.068+05:30  INFO 44135 --- [sales-analysis-system] [main] c.s.s.SalesAnalysisSystemApplication     : Started SalesAnalysisSystemApplication in 5.499 seconds (process running for 6.008)
2025-04-12T16:28:50.144+05:30  INFO 44135 --- [sales-analysis-system] [http-nio-8080-exec-1] o.a.c.c.C.[Tomcat].[localhost].[/]       : Initializing Spring DispatcherServlet 'dispatcherServlet'
2025-04-12T16:28:50.144+05:30  INFO 44135 --- [sales-analysis-system] [http-nio-8080-exec-1] o.s.web.servlet.DispatcherServlet        : Initializing Servlet 'dispatcherServlet'
2025-04-12T16:28:50.145+05:30  INFO 44135 --- [sales-analysis-system] [http-nio-8080-exec-1] o.s.web.servlet.DispatcherServlet        : Completed initialization in 1 ms
2025-04-12T16:29:01.119+05:30  INFO 44135 --- [sales-analysis-system] [SpringApplicationShutdownHook] o.s.b.w.e.tomcat.GracefulShutdown        : Commencing graceful shutdown. Waiting for active requests to complete
2025-04-12T16:29:03.137+05:30  INFO 44135 --- [sales-analysis-system] [tomcat-shutdown] o.s.b.w.e.tomcat.GracefulShutdown        : Graceful shutdown complete
2025-04-12T16:29:03.144+05:30  INFO 44135 --- [sales-analysis-system] [SpringApplicationShutdownHook] j.LocalContainerEntityManagerFactoryBean : Closing JPA EntityManagerFactory for persistence unit 'default'
2025-04-12T16:29:03.149+05:30  INFO 44135 --- [sales-analysis-system] [SpringApplicationShutdownHook] com.zaxxer.hikari.HikariDataSource       : HikariPool-1 - Shutdown initiated...
2025-04-12T16:29:03.152+05:30  INFO 44135 --- [sales-analysis-system] [SpringApplicationShutdownHook] com.zaxxer.hikari.HikariDataSource       : HikariPool-1 - Shutdown completed.
